<?xml version="1.0" encoding="UTF-8"?>
<!-- Generated by org.testng.reporters.JUnitReportReporter -->
<testsuite hostname="LAPTOP-AQ3551AL" failures="0" tests="1" name="com.nopcommerce.testCases.TC_AddCustomerTest_003" time="12.974" errors="0" timestamp="11 Sep 2019 15:41:39 GMT" skipped="0">
  <testcase classname="com.nopcommerce.testCases.TC_AddCustomerTest_003" name="AddNewCustomer" time="12.974"/>
</testsuite> <!-- com.nopcommerce.testCases.TC_AddCustomerTest_003 -->
